[0mGET / [32m200 [0m4.172 ms - -[0m
[0mGET /scrape [0m- [0m- ms - -[0m
[0mGET /scrape [0m- [0m- ms - -[0m
[0mGET /scrape [0m- [0m- ms - -[0m
[0mGET /scrape [32m200 [0m1069.389 ms - 15[0m
[0mGET /events [32m200 [0m24.946 ms - 13207[0m
[0mGET /scrape [36m304 [0m1231.788 ms - -[0m
[0mGET /scrape [36m304 [0m963.989 ms - -[0m
[0mGET /scrape [36m304 [0m1115.436 ms - -[0m
[0mGET /scrape [36m304 [0m677.657 ms - -[0m
[0mGET /scrape [36m304 [0m602.834 ms - -[0m
[0mGET /scrape [36m304 [0m712.118 ms - -[0m
[0mGET /scrape [36m304 [0m1116.985 ms - -[0m
[0mGET /scrape [36m304 [0m595.394 ms - -[0m
[0mGET /scrape [36m304 [0m767.923 ms - -[0m
[0mGET / [32m200 [0m3.276 ms - 1107[0m
[0mGET /app.js [32m200 [0m1.145 ms - 2343[0m
[0mGET /events [32m200 [0m58.114 ms - 66031[0m
[0mGET /scrape [36m304 [0m1097.498 ms - -[0m
[0mGET / [36m304 [0m0.680 ms - -[0m
[0mGET /app.js [36m304 [0m0.689 ms - -[0m
[0mGET /events [32m200 [0m4.044 ms - 2[0m
[0mGET / [36m304 [0m0.370 ms - -[0m
[0mGET /app.js [36m304 [0m0.309 ms - -[0m
[0mGET /events [36m304 [0m1.233 ms - -[0m
[0mGET /scrape [36m304 [0m1108.374 ms - -[0m
[0mGET /scrape [36m304 [0m1512.785 ms - -[0m
[0mGET / [36m304 [0m1.610 ms - -[0m
[0mGET /app.js [36m304 [0m0.607 ms - -[0m
[0mGET /events [32m200 [0m18.405 ms - 13121[0m
[0mGET / [36m304 [0m3.370 ms - -[0m
[0mGET /app.js [36m304 [0m0.841 ms - -[0m
[0mGET /events [32m200 [0m10.819 ms - 2[0m
[0mGET /scrape [36m304 [0m1082.905 ms - -[0m
[0mGET / [36m304 [0m0.439 ms - -[0m
[0mGET /app.js [36m304 [0m0.700 ms - -[0m
[0mGET /events [36m304 [0m3.377 ms - -[0m
[0mGET / [36m304 [0m0.305 ms - -[0m
[0mGET /app.js [36m304 [0m0.273 ms - -[0m
[0mGET /scrape [36m304 [0m639.491 ms - -[0m
[0mGET /app.js [36m304 [0m0.528 ms - -[0m
[0mGET /events [36m304 [0m2.076 ms - -[0m
[0mGET / [36m304 [0m3.365 ms - -[0m
[0mGET /app.js [36m304 [0m0.662 ms - -[0m
[0mGET /events [36m304 [0m11.410 ms - -[0m
[0mGET /scrape [36m304 [0m1017.339 ms - -[0m
[0mGET / [36m304 [0m0.479 ms - -[0m
[0mGET /app.js [36m304 [0m0.266 ms - -[0m
[0mGET /events [36m304 [0m2.028 ms - -[0m
[0mGET /scrape [36m304 [0m1689.355 ms - -[0m
[0mGET / [36m304 [0m1.537 ms - -[0m
[0mGET /app.js [36m304 [0m0.500 ms - -[0m
[0mGET /events [32m200 [0m16.398 ms - 13121[0m
[0mGET / [36m304 [0m0.736 ms - -[0m
[0mGET /app.js [36m304 [0m0.615 ms - -[0m
[0mGET /events [32m200 [0m2.442 ms - 2[0m
[0mGET / [36m304 [0m3.634 ms - -[0m
[0mGET /app.js [36m304 [0m0.750 ms - -[0m
[0mGET /events [36m304 [0m14.043 ms - -[0m
[0mGET /scrape [36m304 [0m848.841 ms - -[0m
[0mGET /scrape [36m304 [0m1642.194 ms - -[0m
[0mGET / [36m304 [0m3.251 ms - -[0m
[0mGET /app.js [36m304 [0m0.633 ms - -[0m
[0mGET /events [36m304 [0m10.476 ms - -[0m
[0mGET /favicon.ico [33m404 [0m1.332 ms - 150[0m
[0mGET /scrape [36m304 [0m1206.706 ms - -[0m
[0mGET / [36m304 [0m3.361 ms - -[0m
[0mGET /app.js [36m304 [0m0.643 ms - -[0m
[0mGET /events [36m304 [0m10.325 ms - -[0m
[0mGET /scrape [36m304 [0m1133.792 ms - -[0m
[0mGET / [36m304 [0m3.542 ms - -[0m
[0mGET /app.js [36m304 [0m0.792 ms - -[0m
[0mGET /events [36m304 [0m10.170 ms - -[0m
[0mGET /scrape [36m304 [0m1073.220 ms - -[0m
[0mGET /scrape [36m304 [0m1044.966 ms - -[0m
[0mGET / [36m304 [0m0.466 ms - -[0m
[0mGET /app.js [36m304 [0m0.428 ms - -[0m
[0mGET /events [36m304 [0m2.312 ms - -[0m
[0mGET / [36m304 [0m0.314 ms - -[0m
[0mGET /app.js [36m304 [0m0.302 ms - -[0m
[0mGET /events [36m304 [0m1.151 ms - -[0m
[0mGET /scrape [36m304 [0m1011.589 ms - -[0m
[0mGET / [36m304 [0m3.065 ms - -[0m
[0mGET /app.js [36m304 [0m0.562 ms - -[0m
[0mGET /events [36m304 [0m9.795 ms - -[0m
[0mGET / [36m304 [0m0.478 ms - -[0m
[0mGET /app.js [36m304 [0m0.632 ms - -[0m
[0mGET /events [36m304 [0m2.241 ms - -[0m
[0mGET / [36m304 [0m0.338 ms - -[0m
[0mGET /app.js [36m304 [0m0.271 ms - -[0m
[0mGET /events [36m304 [0m1.420 ms - -[0m
[0mGET /scrape [36m304 [0m1118.479 ms - -[0m
[0mGET /scrape [36m304 [0m1231.483 ms - -[0m
[0mGET /scrape [36m304 [0m1182.118 ms - -[0m
[0mGET / [36m304 [0m3.045 ms - -[0m
[0mGET /app.js [36m304 [0m0.693 ms - -[0m
[0mGET /events [36m304 [0m9.628 ms - -[0m
[0mGET / [36m304 [0m3.182 ms - -[0m
[0mGET /app.js [36m304 [0m0.742 ms - -[0m
[0mGET /events [36m304 [0m10.184 ms - -[0m
[0mGET /scrape [36m304 [0m1221.522 ms - -[0m
[0mGET / [36m304 [0m0.492 ms - -[0m
[0mGET /app.js [36m304 [0m0.501 ms - -[0m
[0mGET /events [32m200 [0m13.129 ms - 13121[0m
[0mGET / [36m304 [0m3.244 ms - -[0m
[0mGET /app.js [36m304 [0m0.809 ms - -[0m
[0mGET /events [36m304 [0m21.187 ms - -[0m
[0mGET / [36m304 [0m0.472 ms - -[0m
[0mGET /app.js [36m304 [0m0.498 ms - -[0m
[0mGET /events [32m200 [0m2.652 ms - 2[0m
[0mGET / [36m304 [0m0.356 ms - -[0m
[0mGET /app.js [36m304 [0m0.305 ms - -[0m
[0mGET /events [36m304 [0m1.270 ms - -[0m
[0mGET /scrape [36m304 [0m1307.024 ms - -[0m
[0mGET / [36m304 [0m3.018 ms - -[0m
[0mGET /app.js [36m304 [0m0.888 ms - -[0m
[0mGET /events [36m304 [0m10.055 ms - -[0m
[0mGET /scrape [36m304 [0m1426.553 ms - -[0m
[0mGET / [36m304 [0m3.784 ms - -[0m
[0mGET /app.js [36m304 [0m0.816 ms - -[0m
[0mGET /events [36m304 [0m10.599 ms - -[0m
[0mGET / [36m304 [0m0.362 ms - -[0m
[0mGET /app.js [36m304 [0m0.263 ms - -[0m
[0mGET /events [36m304 [0m1.939 ms - -[0m
[0mGET /scrape [36m304 [0m2533.872 ms - -[0m
[0mGET /scrape [36m304 [0m961.615 ms - -[0m
[0mGET /scrape [36m304 [0m659.067 ms - -[0m
[0mGET /scrape [36m304 [0m870.579 ms - -[0m
[0mGET /scrape [36m304 [0m1244.469 ms - -[0m
[0mGET /scrape [36m304 [0m645.727 ms - -[0m
[0mGET / [36m304 [0m1.440 ms - -[0m
[0mGET /app.js [36m304 [0m0.613 ms - -[0m
[0mGET /events [36m304 [0m8.993 ms - -[0m
[0mGET /scrape [36m304 [0m655.479 ms - -[0m
[0mGET /scrape [36m304 [0m722.984 ms - -[0m
[0mGET / [36m304 [0m1.595 ms - -[0m
[0mGET /app.js [36m304 [0m0.513 ms - -[0m
[0mGET /events [36m304 [0m9.253 ms - -[0m
[0mGET /scrape [36m304 [0m961.873 ms - -[0m
[0mGET /scrape [36m304 [0m1170.862 ms - -[0m
[0mGET /scrape [36m304 [0m1044.756 ms - -[0m
[0mGET /scrape [36m304 [0m1227.491 ms - -[0m
[0mGET /scrape [36m304 [0m818.482 ms - -[0m
[0mGET /scrape [36m304 [0m685.207 ms - -[0m
[0mGET /scrape [36m304 [0m1229.898 ms - -[0m
[0mGET /scrape [0m- [0m- ms - -[0m
[0mGET / [36m304 [0m3.160 ms - -[0m
[0mGET /app.js [36m304 [0m0.812 ms - -[0m
[0mGET /events [32m200 [0m25.887 ms - 29303[0m
[0mGET / [36m304 [0m0.344 ms - -[0m
[0mGET /app.js [36m304 [0m0.194 ms - -[0m
[0mGET /events [36m304 [0m12.490 ms - -[0m
[0mGET / [36m304 [0m0.482 ms - -[0m
[0mGET /app.js [36m304 [0m0.715 ms - -[0m
[0mGET /events [32m200 [0m1.695 ms - 2[0m
[0mGET / [36m304 [0m3.407 ms - -[0m
[0mGET /app.js [36m304 [0m0.721 ms - -[0m
[0mGET /events [36m304 [0m10.162 ms - -[0m
[0mGET /scrape [36m304 [0m1765.662 ms - -[0m
[0mGET / [36m304 [0m2.019 ms - -[0m
[0mGET /app.js [36m304 [0m0.446 ms - -[0m
[0mGET /events [36m304 [0m9.641 ms - -[0m
[0mGET / [36m304 [0m0.321 ms - -[0m
[0mGET /app.js [36m304 [0m0.366 ms - -[0m
[0mGET /events [36m304 [0m1.861 ms - -[0m
[0mGET /scrape [0m- [0m- ms - -[0m
[0mGET /scrape [32m200 [0m1036.821 ms - 15[0m
[0mGET / [36m304 [0m3.068 ms - -[0m
[0mGET /app.js [36m304 [0m0.662 ms - -[0m
[0mGET /events [36m304 [0m9.764 ms - -[0m
[0mGET /scrape [36m304 [0m1041.621 ms - -[0m
[0mGET /scrape [36m304 [0m575.805 ms - -[0m
[0mGET /scrape [36m304 [0m1082.827 ms - -[0m
[0mGET / [36m304 [0m1.407 ms - -[0m
[0mGET /app.js [36m304 [0m0.336 ms - -[0m
[0mGET /events [36m304 [0m8.817 ms - -[0m
[0mGET / [36m304 [0m0.333 ms - -[0m
[0mGET /app.js [36m304 [0m0.227 ms - -[0m
[0mGET /events [36m304 [0m2.169 ms - -[0m
[0mGET / [36m304 [0m3.448 ms - -[0m
[0mGET /app.js [36m304 [0m0.955 ms - -[0m
[0mGET /events [36m304 [0m9.620 ms - -[0m
[0mGET /scrape [36m304 [0m1030.991 ms - -[0m
[0mGET / [36m304 [0m0.491 ms - -[0m
[0mGET /app.js [36m304 [0m0.672 ms - -[0m
[0mGET /events [32m200 [0m13.746 ms - 19553[0m
[0mGET / [36m304 [0m3.123 ms - -[0m
[0mGET /app.js [36m304 [0m0.788 ms - -[0m
[0mGET /events [36m304 [0m22.595 ms - -[0m
[0mGET / [36m304 [0m0.377 ms - -[0m
[0mGET /app.js [36m304 [0m0.192 ms - -[0m
[0mGET /events [36m304 [0m10.456 ms - -[0m
[0mGET /scrape [36m304 [0m1264.092 ms - -[0m
[0mGET / [36m304 [0m5.128 ms - -[0m
[0mGET /app.js [36m304 [0m0.705 ms - -[0m
[0mGET /events [36m304 [0m21.242 ms - -[0m
[0mGET /scrape [36m304 [0m1070.995 ms - -[0m
[0mGET / [36m304 [0m3.180 ms - -[0m
[0mGET /app.js [36m304 [0m0.890 ms - -[0m
[0mGET /events [36m304 [0m20.671 ms - -[0m
[0mGET /scrape [36m304 [0m1119.525 ms - -[0m
[0mGET / [36m304 [0m3.146 ms - -[0m
[0mGET /app.js [36m304 [0m0.832 ms - -[0m
[0mGET /events [32m200 [0m9.702 ms - 2[0m
[0mGET /scrape [36m304 [0m1403.232 ms - -[0m
[0mGET / [36m304 [0m0.463 ms - -[0m
[0mGET /app.js [36m304 [0m0.671 ms - -[0m
[0mGET /events [32m200 [0m13.356 ms - 30077[0m
[0mGET /scrape [36m304 [0m1223.322 ms - -[0m
[0mGET / [36m304 [0m1.664 ms - -[0m
[0mGET /app.js [36m304 [0m0.515 ms - -[0m
[0mGET /events [32m200 [0m26.080 ms - 58837[0m
[0mGET / [36m304 [0m0.348 ms - -[0m
[0mGET /app.js [36m304 [0m0.248 ms - -[0m
[0mGET /events [36m304 [0m14.753 ms - -[0m
[0mGET / [36m304 [0m0.269 ms - -[0m
[0mGET /app.js [36m304 [0m0.215 ms - -[0m
[0mGET /events [32m200 [0m1.139 ms - 2[0m
[0mGET /scrape [36m304 [0m1137.774 ms - -[0m
[0mGET / [36m304 [0m0.480 ms - -[0m
[0mGET /app.js [36m304 [0m0.671 ms - -[0m
[0mGET /events [32m200 [0m7.262 ms - 28761[0m
[0mGET /scrape [36m304 [0m1419.085 ms - -[0m
[0mGET / [36m304 [0m1.564 ms - -[0m
[0mGET /app.js [36m304 [0m0.611 ms - -[0m
[0mGET /events [36m304 [0m20.803 ms - -[0m
[0mGET / [36m304 [0m0.297 ms - -[0m
[0mGET /app.js [36m304 [0m0.198 ms - -[0m
[0mGET /events [32m200 [0m1.860 ms - 2[0m
[0mGET /scrape [36m304 [0m875.396 ms - -[0m
[0mGET / [36m304 [0m0.458 ms - -[0m
[0mGET /app.js [36m304 [0m0.430 ms - -[0m
[0mGET /events [36m304 [0m1.724 ms - -[0m
[0mGET / [36m304 [0m0.325 ms - -[0m
[0mGET /app.js [36m304 [0m0.190 ms - -[0m
[0mGET /events [36m304 [0m1.110 ms - -[0m
[0mGET /scrape [36m304 [0m1031.909 ms - -[0m
[0mGET / [36m304 [0m1.476 ms - -[0m
[0mGET /app.js [36m304 [0m0.464 ms - -[0m
[0mGET /events [32m200 [0m17.966 ms - 28761[0m
[0mGET / [36m304 [0m3.310 ms - -[0m
[0mGET /app.js [36m304 [0m0.762 ms - -[0m
[0mGET /events [32m200 [0m9.819 ms - 2[0m
[0mGET /scrape [36m304 [0m747.566 ms - -[0m
[0mGET /scrape [36m304 [0m1319.218 ms - -[0m
[0mGET /scrape [36m304 [0m1149.086 ms - -[0m
[0mGET / [36m304 [0m1.474 ms - -[0m
[0mGET /app.js [36m304 [0m0.569 ms - -[0m
[0mGET /events [32m200 [0m18.582 ms - 28761[0m
[0mGET / [36m304 [0m3.669 ms - -[0m
[0mGET /app.js [36m304 [0m0.762 ms - -[0m
[0mGET /events [32m200 [0m14.867 ms - 2[0m
[0mGET /scrape [36m304 [0m1201.325 ms - -[0m
[0mGET / [36m304 [0m1.629 ms - -[0m
[0mGET /app.js [36m304 [0m0.419 ms - -[0m
[0mGET /events [32m200 [0m18.134 ms - 28761[0m
[0mGET / [36m304 [0m3.518 ms - -[0m
[0mGET /app.js [36m304 [0m1.036 ms - -[0m
[0mGET /events [32m200 [0m10.460 ms - 2[0m
[0mGET /scrape [36m304 [0m1114.017 ms - -[0m
[0mGET / [36m304 [0m3.538 ms - -[0m
[0mGET /app.js [36m304 [0m0.731 ms - -[0m
[0mGET /events [36m304 [0m10.443 ms - -[0m
[0mGET /scrape [0m- [0m- ms - -[0m
[0mGET /scrape [0m- [0m- ms - -[0m
[0mGET /scrape [0m- [0m- ms - -[0m
[0mGET /scrape [32m200 [0m1035.922 ms - 15[0m
[0mGET / [36m304 [0m1.650 ms - -[0m
[0mGET /app.js [36m304 [0m0.476 ms - -[0m
[0mGET /events [36m304 [0m8.681 ms - -[0m
[0mGET /scrape [36m304 [0m701.583 ms - -[0m
[0mGET /scrape [36m304 [0m976.015 ms - -[0m
[0mGET /scrape [36m304 [0m1060.314 ms - -[0m
[0mGET / [36m304 [0m1.433 ms - -[0m
[0mGET /app.js [36m304 [0m0.550 ms - -[0m
[0mGET /events [32m200 [0m18.683 ms - 17912[0m
[0mGET / [36m304 [0m3.332 ms - -[0m
[0mGET /app.js [36m304 [0m0.934 ms - -[0m
[0mGET /events [32m200 [0m13.519 ms - 2[0m
[0mGET /scrape [36m304 [0m1338.939 ms - -[0m
[0mGET / [36m304 [0m0.660 ms - -[0m
[0mGET /app.js [36m304 [0m0.503 ms - -[0m
[0mGET /events [32m200 [0m13.719 ms - 28761[0m
[0mGET / [36m304 [0m3.089 ms - -[0m
[0mGET /app.js [36m304 [0m0.932 ms - -[0m
[0mGET /events [32m200 [0m10.179 ms - 2[0m
[0mGET /scrape [36m304 [0m1019.832 ms - -[0m
[0mGET /scrape [36m304 [0m1148.593 ms - -[0m
[0mGET /scrape [36m304 [0m822.409 ms - -[0m
[0mGET /scrape [36m304 [0m1418.761 ms - -[0m
[0mGET / [36m304 [0m1.313 ms - -[0m
[0mGET /app.js [36m304 [0m0.660 ms - -[0m
[0mGET /events [36m304 [0m8.796 ms - -[0m
[0mGET /scrape [36m304 [0m835.482 ms - -[0m
[0mGET /scrape [36m304 [0m1445.603 ms - -[0m
[0mGET /scrape [36m304 [0m2828.198 ms - -[0m
[0mGET / [36m304 [0m1.430 ms - -[0m
[0mGET /app.js [36m304 [0m0.472 ms - -[0m
[0mGET /events [32m200 [0m17.898 ms - 28761[0m
[0mGET / [36m304 [0m3.276 ms - -[0m
[0mGET /app.js [36m304 [0m0.999 ms - -[0m
[0mGET /events [36m304 [0m24.214 ms - -[0m
[0mGET / [36m304 [0m0.366 ms - -[0m
[0mGET /app.js [36m304 [0m0.187 ms - -[0m
[0mGET /events [32m200 [0m1.802 ms - 2[0m
[0mGET /scrape [36m304 [0m916.607 ms - -[0m
[0mGET /scrape [36m304 [0m823.830 ms - -[0m
[0mGET / [36m304 [0m4.435 ms - -[0m
[0mGET /app.js [36m304 [0m8.924 ms - -[0m
[0mGET /events [32m200 [0m17.688 ms - 12373[0m
[0mGET / [36m304 [0m0.297 ms - -[0m
[0mGET /app.js [36m304 [0m0.201 ms - -[0m
[0mGET /events [32m200 [0m2.305 ms - 2[0m
[0mGET /scrape [36m304 [0m1208.993 ms - -[0m
[0mGET / [36m304 [0m3.139 ms - -[0m
[0mGET /app.js [36m304 [0m0.791 ms - -[0m
[0mGET /events [36m304 [0m10.881 ms - -[0m
[0mGET /scrape [36m304 [0m5697.750 ms - -[0m
[0mGET / [36m304 [0m3.105 ms - -[0m
[0mGET /app.js [36m304 [0m0.741 ms - -[0m
[0mGET /events [32m200 [0m17.707 ms - 5443[0m
[0mGET / [36m304 [0m0.490 ms - -[0m
[0mGET /app.js [36m304 [0m0.395 ms - -[0m
[0mGET /events [32m200 [0m2.464 ms - 2[0m
[0mGET /scrape [36m304 [0m1075.024 ms - -[0m
[0mGET /scrape [36m304 [0m580.677 ms - -[0m
[0mGET / [36m304 [0m1.471 ms - -[0m
[0mGET /app.js [36m304 [0m0.558 ms - -[0m
[0mGET /events [36m304 [0m9.280 ms - -[0m
[0mGET /scrape [36m304 [0m1289.839 ms - -[0m
[0mGET /scrape [36m304 [0m1663.794 ms - -[0m
[0mGET /scrape [36m304 [0m813.186 ms - -[0m
[0mGET /scrape [36m304 [0m1068.478 ms - -[0m
[0mGET /scrape [36m304 [0m672.572 ms - -[0m
[0mGET / [36m304 [0m1.472 ms - -[0m
[0mGET /app.js [36m304 [0m0.505 ms - -[0m
[0mGET /events [36m304 [0m8.617 ms - -[0m
[0mGET /scrape [36m304 [0m1532.907 ms - -[0m
[0mGET /scrape [36m304 [0m640.633 ms - -[0m
[0mGET /scrape [36m304 [0m2790.567 ms - -[0m
[0mGET /scrape [36m304 [0m1119.956 ms - -[0m
[0mGET /scrape [36m304 [0m1097.090 ms - -[0m
[0mGET / [36m304 [0m1.609 ms - -[0m
[0mGET /app.js [36m304 [0m0.421 ms - -[0m
[0mGET /events [36m304 [0m9.344 ms - -[0m
[0mGET / [36m304 [0m0.460 ms - -[0m
[0mGET /app.js [36m304 [0m0.661 ms - -[0m
[0mGET /events [36m304 [0m2.798 ms - -[0m
[0mGET / [36m304 [0m0.335 ms - -[0m
[0mGET /app.js [36m304 [0m0.236 ms - -[0m
[0mGET /events [36m304 [0m1.316 ms - -[0m
[0mGET /scrape [36m304 [0m1310.186 ms - -[0m
[0mGET /scrape [36m304 [0m708.716 ms - -[0m
[0mGET /scrape [36m304 [0m617.906 ms - -[0m
[0mGET /scrape [36m304 [0m1240.953 ms - -[0m
[0mGET /scrape [36m304 [0m608.491 ms - -[0m
[0mGET /scrape [36m304 [0m795.455 ms - -[0m
[0mGET / [36m304 [0m1.429 ms - -[0m
[0mGET /app.js [36m304 [0m0.464 ms - -[0m
[0mGET /events [32m200 [0m12.776 ms - 6283[0m
[0mGET / [36m304 [0m3.095 ms - -[0m
[0mGET /app.js [36m304 [0m0.563 ms - -[0m
[0mGET /events [32m200 [0m9.675 ms - 2[0m
[0mGET /scrape [36m304 [0m756.885 ms - -[0m
[0mGET /scrape [36m304 [0m731.703 ms - -[0m
[0mGET / [36m304 [0m3.628 ms - -[0m
[0mGET /app.js [36m304 [0m0.702 ms - -[0m
[0mGET /events [32m200 [0m24.359 ms - 12365[0m
[0mGET /favicon.ico [33m404 [0m1.279 ms - 150[0m
[0mGET / [36m304 [0m0.545 ms - -[0m
[0mGET /app.js [36m304 [0m0.537 ms - -[0m
[0mGET /events [32m200 [0m2.992 ms - 2[0m
[0mGET / [36m304 [0m0.351 ms - -[0m
[0mGET /app.js [36m304 [0m0.381 ms - -[0m
[0mGET /events [36m304 [0m1.541 ms - -[0m
[0mGET / [36m304 [0m0.339 ms - -[0m
[0mGET /app.js [36m304 [0m0.320 ms - -[0m
[0mGET /scrape [0m- [0m- ms - -[0m
[0mGET /scrape [0m- [0m- ms - -[0m
[0mGET /scrape [0m- [0m- ms - -[0m
[0mGET /scrape [0m- [0m- ms - -[0m
[0mGET /scrape [0m- [0m- ms - -[0m
[0mGET /scrape [0m- [0m- ms - -[0m
[0mGET /scrape [0m- [0m- ms - -[0m
[0mGET /scrape [0m- [0m- ms - -[0m
[0mGET / [36m304 [0m0.252 ms - -[0m
[0mGET /app.js [36m304 [0m0.368 ms - -[0m
[0mGET /events [36m304 [0m1.259 ms - -[0m
[0mGET / [36m304 [0m1.957 ms - -[0m
[0mGET /app.js [36m304 [0m0.498 ms - -[0m
[0mGET /events [36m304 [0m9.816 ms - -[0m
[0mGET /scrape [0m- [0m- ms - -[0m
[0mGET /scrape [0m- [0m- ms - -[0m
[0mGET / [36m304 [0m0.416 ms - -[0m
[0mGET /app.js [36m304 [0m0.369 ms - -[0m
[0mGET /events [36m304 [0m2.039 ms - -[0m
[0mGET / [36m304 [0m0.261 ms - -[0m
[0mGET /app.js [36m304 [0m0.458 ms - -[0m
[0mGET /events [36m304 [0m1.328 ms - -[0m
[0mGET / [36m304 [0m4.392 ms - -[0m
[0mGET /app.js [36m304 [0m1.256 ms - -[0m
[0mGET /events [36m304 [0m13.931 ms - -[0m
[0mGET / [36m304 [0m0.488 ms - -[0m
[0mGET /app.js [36m304 [0m0.716 ms - -[0m
[0mGET /events [36m304 [0m2.663 ms - -[0m
[0mGET / [36m304 [0m3.530 ms - -[0m
[0mGET /app.js [36m304 [0m1.198 ms - -[0m
[0mGET /events [36m304 [0m13.722 ms - -[0m
[0mGET / [36m304 [0m0.309 ms - -[0m
[0mGET /app.js [36m304 [0m0.200 ms - -[0m
[0mGET /events [36m304 [0m1.979 ms - -[0m
[0mGET / [36m304 [0m0.436 ms - -[0m
[0mGET /app.js [36m304 [0m0.534 ms - -[0m
[0mGET /events [36m304 [0m1.787 ms - -[0m
[0mGET /scrape [0m- [0m- ms - -[0m
[0mGET /scrape [0m- [0m- ms - -[0m
[0mGET / [36m304 [0m0.329 ms - -[0m
[0mGET /app.js [36m304 [0m0.239 ms - -[0m
[0mGET /events [36m304 [0m2.122 ms - -[0m
[0mGET / [36m304 [0m0.326 ms - -[0m
[0mGET /app.js [36m304 [0m0.320 ms - -[0m
[0mGET /events [36m304 [0m1.317 ms - -[0m
[0mGET / [36m304 [0m4.390 ms - -[0m
[0mGET /app.js [36m304 [0m1.216 ms - -[0m
[0mGET /events [36m304 [0m15.602 ms - -[0m
[0mGET / [36m304 [0m3.922 ms - -[0m
[0mGET /app.js [36m304 [0m0.842 ms - -[0m
[0mGET /events [36m304 [0m11.927 ms - -[0m
[0mGET /favicon.ico [33m404 [0m2.157 ms - 150[0m
[0mGET /scrape [0m- [0m- ms - -[0m
[0mGET /scrape [0m- [0m- ms - -[0m
[0mGET /events [36m304 [0m1.949 ms - -[0m
[0mGET / [36m304 [0m3.351 ms - -[0m
[0mGET /app.js [36m304 [0m0.620 ms - -[0m
[0mGET /events [36m304 [0m10.407 ms - -[0m
[0mGET / [36m304 [0m0.409 ms - -[0m
[0mGET /app.js [36m304 [0m0.287 ms - -[0m
[0mGET /events [36m304 [0m2.072 ms - -[0m
[0mGET /scrape [0m- [0m- ms - -[0m
[0mGET /events [36m304 [0m1.788 ms - -[0m
[0mGET / [36m304 [0m3.857 ms - -[0m
[0mGET /app.js [36m304 [0m0.805 ms - -[0m
[0mGET /events [36m304 [0m11.303 ms - -[0m
[0mGET /favicon.ico [33m404 [0m1.482 ms - 150[0m
[0mGET /scrape [32m200 [0m1333.603 ms - 15[0m
[0mGET /scrape [36m304 [0m1141.459 ms - -[0m
[0mGET /scrape [36m304 [0m512.450 ms - -[0m
[0mGET / [36m304 [0m3.435 ms - -[0m
[0mGET /app.js [36m304 [0m0.650 ms - -[0m
[0mGET /events [32m200 [0m28.139 ms - 17527[0m
[0mGET /scrape [36m304 [0m906.480 ms - -[0m
[0mGET / [36m304 [0m1.522 ms - -[0m
[0mGET /app.js [36m304 [0m0.372 ms - -[0m
[0mGET /events [36m304 [0m27.768 ms - -[0m
[0mGET /scrape [36m304 [0m615.452 ms - -[0m
[0mGET / [36m304 [0m0.563 ms - -[0m
[0mGET /app.js [36m304 [0m0.525 ms - -[0m
[0mGET /events [36m304 [0m16.589 ms - -[0m
[0mGET /scrape [36m304 [0m817.285 ms - -[0m
[0mGET /scrape [36m304 [0m760.301 ms - -[0m
[0mGET /scrape [36m304 [0m684.267 ms - -[0m
[0mGET /scrape [36m304 [0m896.931 ms - -[0m
[0mGET /scrape [36m304 [0m1138.989 ms - -[0m
[0mGET / [36m304 [0m2.059 ms - -[0m
[0mGET /app.js [36m304 [0m0.495 ms - -[0m
[0mGET /events [36m304 [0m26.428 ms - -[0m
[0mGET /scrape [0m- [0m- ms - -[0m
[0mGET / [36m304 [0m0.343 ms - -[0m
[0mGET /app.js [36m304 [0m0.264 ms - -[0m
[0mGET /events [32m200 [0m1.996 ms - 2[0m
[0mGET / [36m304 [0m3.592 ms - -[0m
[0mGET /app.js [36m304 [0m0.806 ms - -[0m
[0mGET /events [36m304 [0m10.967 ms - -[0m
[0mGET /scrape [0m- [0m- ms - -[0m
[0mGET /scrape [0m- [0m- ms - -[0m
[0mGET /scrape [32m200 [0m1057.505 ms - 15[0m
[0mGET /scrape [36m304 [0m1096.776 ms - -[0m
[0mGET /scrape [36m304 [0m1086.415 ms - -[0m
[0mGET /scrape [36m304 [0m1169.539 ms - -[0m
[0mGET /scrape [36m304 [0m1445.830 ms - -[0m
[0mGET /scrape [36m304 [0m1667.709 ms - -[0m
[0mGET /scrape [36m304 [0m1035.580 ms - -[0m
[0mGET /scrape [36m304 [0m1096.799 ms - -[0m
[0mGET /scrape [36m304 [0m832.193 ms - -[0m
[0mGET /scrape [36m304 [0m706.913 ms - -[0m
[0mGET /scrape [36m304 [0m1053.284 ms - -[0m
[0mGET /scrape [36m304 [0m1118.434 ms - -[0m
[0mGET /scrape [36m304 [0m1115.207 ms - -[0m
[0mGET /scrape [36m304 [0m1068.945 ms - -[0m
[0mGET /scrape [36m304 [0m1459.469 ms - -[0m
[0mGET /scrape [36m304 [0m1154.076 ms - -[0m
[0mGET /scrape [36m304 [0m1196.193 ms - -[0m
[0mGET /scrape [36m304 [0m1088.520 ms - -[0m
[0mGET /scrape [36m304 [0m1198.791 ms - -[0m
[0mGET /scrape [36m304 [0m977.661 ms - -[0m
[0mGET /scrape [36m304 [0m1118.872 ms - -[0m
[0mGET /scrape [36m304 [0m759.146 ms - -[0m
[0mGET /scrape [36m304 [0m782.400 ms - -[0m
[0mGET /scrape [36m304 [0m765.093 ms - -[0m
[0mGET /scrape [36m304 [0m811.251 ms - -[0m
[0mGET /scrape [36m304 [0m965.582 ms - -[0m
[0mGET /scrape [36m304 [0m965.153 ms - -[0m
[0mGET /scrape [36m304 [0m1265.591 ms - -[0m
[0mGET /scrape [36m304 [0m1218.420 ms - -[0m
[0mGET /scrape [36m304 [0m833.086 ms - -[0m
[0mGET /scrape [36m304 [0m1026.519 ms - -[0m
[0mGET /scrape [36m304 [0m721.870 ms - -[0m
[0mGET /scrape [36m304 [0m1057.502 ms - -[0m
[0mGET /scrape [36m304 [0m1025.260 ms - -[0m
[0mGET /scrape [36m304 [0m636.012 ms - -[0m
[0mGET / [36m304 [0m1.468 ms - -[0m
[0mGET /app.js [36m304 [0m0.509 ms - -[0m
[0mGET /events [32m200 [0m11.527 ms - 9191[0m
[0mGET /events/5b1f1ff73c7d47948c4640b6 [0m- [0m- ms - -[0m
[0mGET / [36m304 [0m4.933 ms - -[0m
[0mGET /app.js [32m200 [0m4.026 ms - 2342[0m
[0mGET /events [36m304 [0m22.221 ms - -[0m
[0mGET / [36m304 [0m0.399 ms - -[0m
[0mGET /app.js [36m304 [0m0.238 ms - -[0m
[0mGET /events [36m304 [0m7.502 ms - -[0m
[0mGET / [36m304 [0m0.272 ms - -[0m
[0mGET /app.js [36m304 [0m0.183 ms - -[0m
[0mGET /events [36m304 [0m5.435 ms - -[0m
[0mGET / [36m304 [0m0.266 ms - -[0m
[0mGET /app.js [36m304 [0m0.221 ms - -[0m
[0mGET /events [36m304 [0m5.270 ms - -[0m
[0mGET / [36m304 [0m3.438 ms - -[0m
[0mGET /app.js [32m200 [0m2.211 ms - 2343[0m
[0mGET /events [36m304 [0m17.724 ms - -[0m
[0mGET / [36m304 [0m0.497 ms - -[0m
[0mGET /app.js [36m304 [0m0.454 ms - -[0m
[0mGET /events [32m200 [0m2.138 ms - 2[0m
[0mGET /scrape [36m304 [0m1205.547 ms - -[0m
[0mGET / [36m304 [0m3.158 ms - -[0m
[0mGET /app.js [32m200 [0m2.084 ms - 2342[0m
[0mGET /events [32m200 [0m17.442 ms - 9137[0m
[0mGET / [36m304 [0m0.499 ms - -[0m
[0mGET /app.js [36m304 [0m0.180 ms - -[0m
[0mGET /events [36m304 [0m5.696 ms - -[0m
[0mGET / [36m304 [0m4.222 ms - -[0m
[0mGET /app.js [32m200 [0m3.765 ms - 2454[0m
[0mGET /events [36m304 [0m18.027 ms - -[0m
[0mGET / [36m304 [0m0.367 ms - -[0m
[0mGET /app.js [36m304 [0m0.438 ms - -[0m
[0mGET /events [36m304 [0m4.630 ms - -[0m
[0mGET / [36m304 [0m3.256 ms - -[0m
[0mGET /app.js [32m200 [0m3.090 ms - 2399[0m
[0mGET /events [36m304 [0m17.297 ms - -[0m
[0mGET / [36m304 [0m0.366 ms - -[0m
[0mGET /app.js [36m304 [0m0.276 ms - -[0m
[0mGET /events [36m304 [0m4.671 ms - -[0m
[0mGET / [36m304 [0m3.122 ms - -[0m
[0mGET /app.js [32m200 [0m2.723 ms - 2373[0m
[0mGET / [36m304 [0m3.275 ms - -[0m
[0mGET /app.js [32m200 [0m2.637 ms - 2374[0m
[0mGET /events [36m304 [0m17.473 ms - -[0m
[0mGET / [36m304 [0m0.362 ms - -[0m
[0mGET /app.js [36m304 [0m0.308 ms - -[0m
[0mGET /events [36m304 [0m4.557 ms - -[0m
[0mGET / [36m304 [0m3.297 ms - -[0m
[0mGET /app.js [32m200 [0m2.557 ms - 2410[0m
[0mGET /events [36m304 [0m17.006 ms - -[0m
[0mGET / [36m304 [0m0.508 ms - -[0m
[0mGET /app.js [36m304 [0m0.686 ms - -[0m
[0mGET /events [36m304 [0m7.338 ms - -[0m
[0mGET / [36m304 [0m3.976 ms - -[0m
[0mGET /app.js [32m200 [0m2.842 ms - 2418[0m
[0mGET /events [36m304 [0m20.275 ms - -[0m
[0mGET / [36m304 [0m3.894 ms - -[0m
[0mGET /app.js [32m200 [0m2.619 ms - 2410[0m
[0mGET /events [36m304 [0m18.734 ms - -[0m
[0mGET / [36m304 [0m3.220 ms - -[0m
[0mGET /app.js [32m200 [0m2.308 ms - 2439[0m
[0mGET /events [36m304 [0m18.046 ms - -[0m
[0mGET / [36m304 [0m0.351 ms - -[0m
[0mGET /app.js [36m304 [0m0.329 ms - -[0m
[0mGET /events [36m304 [0m5.074 ms - -[0m
[0mGET / [36m304 [0m3.499 ms - -[0m
[0mGET /app.js [32m200 [0m2.250 ms - 2574[0m
[0mGET /events [36m304 [0m17.307 ms - -[0m
[0mGET / [36m304 [0m0.399 ms - -[0m
[0mGET /app.js [36m304 [0m0.335 ms - -[0m
[0mGET /events [36m304 [0m4.844 ms - -[0m
[0mGET / [36m304 [0m0.323 ms - -[0m
[0mGET /app.js [36m304 [0m0.246 ms - -[0m
[0mGET /events [36m304 [0m4.034 ms - -[0m
[0mGET / [36m304 [0m0.529 ms - -[0m
[0mGET /app.js [36m304 [0m0.557 ms - -[0m
[0mGET /events [36m304 [0m5.676 ms - -[0m
[0mGET / [36m304 [0m3.680 ms - -[0m
[0mGET /app.js [32m200 [0m2.172 ms - 2574[0m
[0mGET /events [36m304 [0m18.372 ms - -[0m
[0mGET / [36m304 [0m0.473 ms - -[0m
[0mGET /app.js [36m304 [0m0.471 ms - -[0m
[0mGET /events [36m304 [0m6.114 ms - -[0m
[0mGET / [36m304 [0m3.077 ms - -[0m
[0mGET /app.js [32m200 [0m2.530 ms - 2451[0m
[0mGET / [36m304 [0m0.534 ms - -[0m
[0mGET /app.js [36m304 [0m0.253 ms - -[0m
[0mGET / [36m304 [0m0.272 ms - -[0m
[0mGET /app.js [36m304 [0m0.220 ms - -[0m
[0mGET / [36m304 [0m3.478 ms - -[0m
[0mGET /app.js [32m200 [0m2.235 ms - 2445[0m
[0mGET / [36m304 [0m0.390 ms - -[0m
[0mGET /app.js [36m304 [0m0.201 ms - -[0m
[0mGET / [36m304 [0m3.237 ms - -[0m
[0mGET /app.js [32m200 [0m3.686 ms - 2448[0m
[0mGET /events [36m304 [0m16.891 ms - -[0m
[0mGET / [36m304 [0m4.037 ms - -[0m
[0mGET /app.js [32m200 [0m2.972 ms - 2585[0m
[0mGET /events [36m304 [0m21.054 ms - -[0m
[0mGET / [36m304 [0m3.334 ms - -[0m
[0mGET /app.js [36m304 [0m0.657 ms - -[0m
[0mGET /events [36m304 [0m17.780 ms - -[0m
[0mGET / [36m304 [0m0.456 ms - -[0m
[0mGET /app.js [36m304 [0m0.716 ms - -[0m
[0mGET /events [36m304 [0m6.359 ms - -[0m
[0mGET / [36m304 [0m0.320 ms - -[0m
[0mGET /app.js [36m304 [0m0.182 ms - -[0m
[0mGET /events [36m304 [0m5.944 ms - -[0m
[0mGET / [36m304 [0m4.451 ms - -[0m
[0mGET /app.js [32m200 [0m2.394 ms - 2585[0m
[0mGET /events [36m304 [0m18.963 ms - -[0m
[0mGET / [36m304 [0m0.375 ms - -[0m
[0mGET /app.js [36m304 [0m0.183 ms - -[0m
[0mGET /events [36m304 [0m5.150 ms - -[0m
[0mGET / [36m304 [0m0.424 ms - -[0m
[0mGET /app.js [36m304 [0m0.489 ms - -[0m
[0mGET /events [36m304 [0m6.404 ms - -[0m
[0mGET / [36m304 [0m3.189 ms - -[0m
[0mGET /app.js [32m200 [0m2.121 ms - 2585[0m
[0mGET /events [36m304 [0m18.225 ms - -[0m
[0mGET / [36m304 [0m0.351 ms - -[0m
[0mGET /app.js [36m304 [0m0.202 ms - -[0m
[0mGET /events [36m304 [0m7.876 ms - -[0m
[0mGET / [36m304 [0m0.264 ms - -[0m
[0mGET /app.js [36m304 [0m0.254 ms - -[0m
[0mGET /events [36m304 [0m3.731 ms - -[0m
[0mGET / [36m304 [0m0.244 ms - -[0m
[0mGET /app.js [36m304 [0m0.241 ms - -[0m
[0mGET /events [36m304 [0m4.038 ms - -[0m
[0mGET / [36m304 [0m3.480 ms - -[0m
[0mGET /app.js [32m200 [0m2.044 ms - 2585[0m
[0mGET /events [36m304 [0m18.137 ms - -[0m
[0mGET / [36m304 [0m0.360 ms - -[0m
[0mGET /app.js [36m304 [0m0.282 ms - -[0m
[0mGET /events [36m304 [0m4.819 ms - -[0m
[0mGET / [36m304 [0m0.269 ms - -[0m
[0mGET /app.js [36m304 [0m0.262 ms - -[0m
[0mGET /events [36m304 [0m4.045 ms - -[0m
[0mGET / [36m304 [0m0.279 ms - -[0m
[0mGET /app.js [36m304 [0m0.285 ms - -[0m
[0mGET /events [36m304 [0m4.039 ms - -[0m
[0mGET / [36m304 [0m0.271 ms - -[0m
[0mGET /app.js [36m304 [0m0.170 ms - -[0m
[0mGET /events [36m304 [0m4.499 ms - -[0m
[0mGET / [36m304 [0m0.269 ms - -[0m
[0mGET /app.js [36m304 [0m0.176 ms - -[0m
[0mGET /events [36m304 [0m4.710 ms - -[0m
[0mGET / [36m304 [0m0.257 ms - -[0m
[0mGET /app.js [36m304 [0m0.202 ms - -[0m
[0mGET /events [36m304 [0m4.107 ms - -[0m
[0mGET / [36m304 [0m0.283 ms - -[0m
[0mGET /app.js [36m304 [0m0.219 ms - -[0m
[0mGET /events [36m304 [0m3.991 ms - -[0m
[0mGET / [36m304 [0m0.329 ms - -[0m
[0mGET /app.js [32m200 [0m0.541 ms - 2585[0m
[0mGET /events [36m304 [0m8.167 ms - -[0m
[0mGET / [36m304 [0m3.205 ms - -[0m
[0mGET /app.js [36m304 [0m0.770 ms - -[0m
[0mGET /events [36m304 [0m19.237 ms - -[0m
